<?xml version="1.0" encoding="UTF-8"?>
<testsuite xmlns:xsi="http://www.w3.org/2001/XMLSchema-instance" xsi:noNamespaceSchemaLocation="https://maven.apache.org/surefire/maven-surefire-plugin/xsd/surefire-test-report.xsd" name="com.amazonaws.appflow.custom.connector.lambda.handler.BaseLambdaConnectorHandlerTest" time="0.545" tests="9" errors="0" skipped="0" failures="0">
  <properties>
[...]
</properties>
  <testcase name="testHandleValidateCredentialsRequest" classname="com.amazonaws.appflow.custom.connector.lambda.handler.BaseLambdaConnectorHandlerTest" time="0.37"/>
  <testcase name="testHandleDescribeConnectorConfigurationRequest" classname="com.amazonaws.appflow.custom.connector.lambda.handler.BaseLambdaConnectorHandlerTest" time="0.009"/>
  <testcase name="testHandleQueryDataRequest" classname="com.amazonaws.appflow.custom.connector.lambda.handler.BaseLambdaConnectorHandlerTest" time="0.069"/>
  <testcase name="testHandleWriteDataRequest" classname="com.amazonaws.appflow.custom.connector.lambda.handler.BaseLambdaConnectorHandlerTest" time="0.02"/>
  <testcase name="testHandleRetrieveDataRequest" classname="com.amazonaws.appflow.custom.connector.lambda.handler.BaseLambdaConnectorHandlerTest" time="0.02"/>
  <testcase name="testHandleUnknownTypeRequest" classname="com.amazonaws.appflow.custom.connector.lambda.handler.BaseLambdaConnectorHandlerTest" time="0.005"/>
  <testcase name="testHandleDescribeEntityRequest" classname="com.amazonaws.appflow.custom.connector.lambda.handler.BaseLambdaConnectorHandlerTest" time="0.019"/>
  <testcase name="testHandleValidateConnectorRuntimeSettingsRequest" classname="com.amazonaws.appflow.custom.connector.lambda.handler.BaseLambdaConnectorHandlerTest" time="0.007"/>
  <testcase name="testHandleListEntitiesRequest" classname="com.amazonaws.appflow.custom.connector.lambda.handler.BaseLambdaConnectorHandlerTest" time="0.017"/>
</testsuite>