<?xml version="1.0" encoding="UTF-8"?>
<testsuite xmlns:xsi="http://www.w3.org/2001/XMLSchema-instance" xsi:noNamespaceSchemaLocation="https://maven.apache.org/surefire/maven-surefire-plugin/xsd/surefire-test-report.xsd" name="com.amazonaws.appflow.custom.connector.queryfilter.CustomConnectorParseTreeBuilderTest" time="0.046" tests="38" errors="0" skipped="0" failures="0">
  <properties>
[...]
</properties>
  <testcase name="testParseTreeWithValidFilterExpression{String}[1]" classname="com.amazonaws.appflow.custom.connector.queryfilter.CustomConnectorParseTreeBuilderTest" time="0"/>
  <testcase name="testParseTreeWithValidFilterExpression{String}[2]" classname="com.amazonaws.appflow.custom.connector.queryfilter.CustomConnectorParseTreeBuilderTest" time="0"/>
  <testcase name="testParseTreeWithValidFilterExpression{String}[3]" classname="com.amazonaws.appflow.custom.connector.queryfilter.CustomConnectorParseTreeBuilderTest" time="0"/>
  <testcase name="testParseTreeWithValidFilterExpression{String}[4]" classname="com.amazonaws.appflow.custom.connector.queryfilter.CustomConnectorParseTreeBuilderTest" time="0"/>
  <testcase name="testParseTreeWithValidFilterExpression{String}[5]" classname="com.amazonaws.appflow.custom.connector.queryfilter.CustomConnectorParseTreeBuilderTest" time="0"/>
  <testcase name="testParseTreeWithValidFilterExpression{String}[6]" classname="com.amazonaws.appflow.custom.connector.queryfilter.CustomConnectorParseTreeBuilderTest" time="0"/>
  <testcase name="testParseTreeWithValidFilterExpression{String}[7]" classname="com.amazonaws.appflow.custom.connector.queryfilter.CustomConnectorParseTreeBuilderTest" time="0"/>
  <testcase name="testParseTreeWithValidFilterExpression{String}[8]" classname="com.amazonaws.appflow.custom.connector.queryfilter.CustomConnectorParseTreeBuilderTest" time="0"/>
  <testcase name="testParseTreeWithValidFilterExpression{String}[9]" classname="com.amazonaws.appflow.custom.connector.queryfilter.CustomConnectorParseTreeBuilderTest" time="0"/>
  <testcase name="testParseTreeWithValidFilterExpression{String}[10]" classname="com.amazonaws.appflow.custom.connector.queryfilter.CustomConnectorParseTreeBuilderTest" time="0.001"/>
  <testcase name="testParseTreeWithValidFilterExpression{String}[11]" classname="com.amazonaws.appflow.custom.connector.queryfilter.CustomConnectorParseTreeBuilderTest" time="0.001"/>
  <testcase name="testParseTreeWithValidFilterExpression{String}[12]" classname="com.amazonaws.appflow.custom.connector.queryfilter.CustomConnectorParseTreeBuilderTest" time="0.001"/>
  <testcase name="testParseTreeWithValidFilterExpression{String}[13]" classname="com.amazonaws.appflow.custom.connector.queryfilter.CustomConnectorParseTreeBuilderTest" time="0.001"/>
  <testcase name="testParseTreeWithValidFilterExpression{String}[14]" classname="com.amazonaws.appflow.custom.connector.queryfilter.CustomConnectorParseTreeBuilderTest" time="0.001"/>
  <testcase name="testParseTreeWithValidFilterExpression{String}[15]" classname="com.amazonaws.appflow.custom.connector.queryfilter.CustomConnectorParseTreeBuilderTest" time="0.001"/>
  <testcase name="testParseTreeWithValidFilterExpression{String}[16]" classname="com.amazonaws.appflow.custom.connector.queryfilter.CustomConnectorParseTreeBuilderTest" time="0.001"/>
  <testcase name="testParseTreeWithValidFilterExpression{String}[17]" classname="com.amazonaws.appflow.custom.connector.queryfilter.CustomConnectorParseTreeBuilderTest" time="0.001"/>
  <testcase name="testParseTreeWithValidFilterExpression{String}[18]" classname="com.amazonaws.appflow.custom.connector.queryfilter.CustomConnectorParseTreeBuilderTest" time="0.001"/>
  <testcase name="testParseTreeWithValidFilterExpression{String}[19]" classname="com.amazonaws.appflow.custom.connector.queryfilter.CustomConnectorParseTreeBuilderTest" time="0"/>
  <testcase name="testParseTreeWithValidFilterExpression{String}[20]" classname="com.amazonaws.appflow.custom.connector.queryfilter.CustomConnectorParseTreeBuilderTest" time="0"/>
  <testcase name="testParseTreeWithValidFilterExpression{String}[21]" classname="com.amazonaws.appflow.custom.connector.queryfilter.CustomConnectorParseTreeBuilderTest" time="0"/>
  <testcase name="testParseTreeWithValidFilterExpression{String}[22]" classname="com.amazonaws.appflow.custom.connector.queryfilter.CustomConnectorParseTreeBuilderTest" time="0"/>
  <testcase name="testParseTreeWithValidFilterExpression{String}[23]" classname="com.amazonaws.appflow.custom.connector.queryfilter.CustomConnectorParseTreeBuilderTest" time="0.001"/>
  <testcase name="testParseTreeWithInvalidFilterExpression{String}[1]" classname="com.amazonaws.appflow.custom.connector.queryfilter.CustomConnectorParseTreeBuilderTest" time="0.002"/>
  <testcase name="testParseTreeWithInvalidFilterExpression{String}[2]" classname="com.amazonaws.appflow.custom.connector.queryfilter.CustomConnectorParseTreeBuilderTest" time="0.001"/>
  <testcase name="testParseTreeWithInvalidFilterExpression{String}[3]" classname="com.amazonaws.appflow.custom.connector.queryfilter.CustomConnectorParseTreeBuilderTest" time="0.001"/>
  <testcase name="testParseTreeWithInvalidFilterExpression{String}[4]" classname="com.amazonaws.appflow.custom.connector.queryfilter.CustomConnectorParseTreeBuilderTest" time="0.001"/>
  <testcase name="testParseTreeWithInvalidFilterExpression{String}[5]" classname="com.amazonaws.appflow.custom.connector.queryfilter.CustomConnectorParseTreeBuilderTest" time="0.001"/>
  <testcase name="testParseTreeWithInvalidFilterExpression{String}[6]" classname="com.amazonaws.appflow.custom.connector.queryfilter.CustomConnectorParseTreeBuilderTest" time="0"/>
  <testcase name="testParseTreeWithInvalidFilterExpression{String}[7]" classname="com.amazonaws.appflow.custom.connector.queryfilter.CustomConnectorParseTreeBuilderTest" time="0"/>
  <testcase name="testParseTreeWithInvalidFilterExpression{String}[8]" classname="com.amazonaws.appflow.custom.connector.queryfilter.CustomConnectorParseTreeBuilderTest" time="0.001"/>
  <testcase name="testParseTreeWithInvalidFilterExpression{String}[9]" classname="com.amazonaws.appflow.custom.connector.queryfilter.CustomConnectorParseTreeBuilderTest" time="0.001"/>
  <testcase name="testParseTreeWithInvalidFilterExpression{String}[10]" classname="com.amazonaws.appflow.custom.connector.queryfilter.CustomConnectorParseTreeBuilderTest" time="0.001"/>
  <testcase name="testParseTreeWithInvalidFilterExpression{String}[11]" classname="com.amazonaws.appflow.custom.connector.queryfilter.CustomConnectorParseTreeBuilderTest" time="0.001"/>
  <testcase name="testParseTreeWithInvalidFilterExpression{String}[12]" classname="com.amazonaws.appflow.custom.connector.queryfilter.CustomConnectorParseTreeBuilderTest" time="0.001"/>
  <testcase name="testParseTreeWithInvalidFilterExpression{String}[13]" classname="com.amazonaws.appflow.custom.connector.queryfilter.CustomConnectorParseTreeBuilderTest" time="0.001"/>
  <testcase name="testParseTreeWithInvalidFilterExpression{String}[14]" classname="com.amazonaws.appflow.custom.connector.queryfilter.CustomConnectorParseTreeBuilderTest" time="0.001"/>
  <testcase name="testParseTreeWithInvalidFilterExpression{String}[15]" classname="com.amazonaws.appflow.custom.connector.queryfilter.CustomConnectorParseTreeBuilderTest" time="0.001"/>
</testsuite>